  main.cpp
C:\Users\Filip\Downloads\DonkeyKongProjekt\main.cpp(77,16): warning C5208: klasa bez nazwy użyta w nazwie w instrukcji typedef nie może deklarować składowych innych niż niestatyczne składowe danych, wyliczenia składowe lub klasy składowe
C:\Users\Filip\Downloads\DonkeyKongProjekt\main.cpp(509,34): warning C4267: "+=": konwersja z "size_t" do "int", możliwa utrata danych
C:\Users\Filip\Downloads\DonkeyKongProjekt\main.cpp(528,48): warning C4244: "=": konwersja z "double" do "int", możliwa utrata danych
C:\Users\Filip\Downloads\DonkeyKongProjekt\main.cpp(540,83): warning C4244: "argument": konwersja z "double" do "int", możliwa utrata danych
C:\Users\Filip\Downloads\DonkeyKongProjekt\main.cpp(540,73): warning C4244: "argument": konwersja z "double" do "int", możliwa utrata danych
C:\Users\Filip\Downloads\DonkeyKongProjekt\main.cpp(553,74): warning C4244: "argument": konwersja z "double" do "int", możliwa utrata danych
C:\Users\Filip\Downloads\DonkeyKongProjekt\main.cpp(553,64): warning C4244: "argument": konwersja z "double" do "int", możliwa utrata danych
C:\Users\Filip\Downloads\DonkeyKongProjekt\main.cpp(560,78): warning C4244: "argument": konwersja z "double" do "int", możliwa utrata danych
C:\Users\Filip\Downloads\DonkeyKongProjekt\main.cpp(560,68): warning C4244: "argument": konwersja z "double" do "int", możliwa utrata danych
C:\Users\Filip\Downloads\DonkeyKongProjekt\main.cpp(568,32): warning C4244: "argument": konwersja z "double" do "int", możliwa utrata danych
C:\Users\Filip\Downloads\DonkeyKongProjekt\main.cpp(568,22): warning C4244: "argument": konwersja z "double" do "int", możliwa utrata danych
C:\Users\Filip\Downloads\DonkeyKongProjekt\main.cpp(574,32): warning C4244: "argument": konwersja z "double" do "int", możliwa utrata danych
C:\Users\Filip\Downloads\DonkeyKongProjekt\main.cpp(574,22): warning C4244: "argument": konwersja z "double" do "int", możliwa utrata danych
C:\Users\Filip\Downloads\DonkeyKongProjekt\main.cpp(582,32): warning C4244: "argument": konwersja z "double" do "int", możliwa utrata danych
C:\Users\Filip\Downloads\DonkeyKongProjekt\main.cpp(582,22): warning C4244: "argument": konwersja z "double" do "int", możliwa utrata danych
C:\Users\Filip\Downloads\DonkeyKongProjekt\main.cpp(588,32): warning C4244: "argument": konwersja z "double" do "int", możliwa utrata danych
C:\Users\Filip\Downloads\DonkeyKongProjekt\main.cpp(588,22): warning C4244: "argument": konwersja z "double" do "int", możliwa utrata danych
C:\Users\Filip\Downloads\DonkeyKongProjekt\main.cpp(1016,10): warning C4101: "tekst": lokalna zmienna, do której nie istnieje odwołanie
  szablon2vs19.vcxproj -> C:\Users\Filip\Downloads\DonkeyKongProjekt\x64\Debug\szablon2vs19.exe
